<!DOCTYPE html>
<html lang="en-us">
<head>
    <meta charset="utf-8">
    <meta name="viewport" content="width=device-width">
    <script type="application/javascript" src='https://spokey.co.uk/js/theme-mode.js'></script>
    <link rel="stylesheet" href='https://spokey.co.uk/css/frameworks.min.css' />
    <link rel="stylesheet" href='https://spokey.co.uk/css/github.min.css' />
    <link rel="stylesheet" href='https://spokey.co.uk/css/github-style.css' />
    <link rel="stylesheet" href='https://spokey.co.uk/css/light.css' />
    <link rel="stylesheet" href='https://spokey.co.uk/css/dark.css' />
    <link rel="stylesheet" href='https://spokey.co.uk/css/syntax.css' />
    <title>Query Performance Improvement Part 3 - Blog</title>
    
    <link rel="icon" type="image/x-icon" href='/images/avatar.png'>
    
    <meta name="theme-color" content="#1e2327">

    <link rel="stylesheet" href="https://spokey.co.uk/css/custom.css">
    <script type="text/javascript" src="https://spokey.co.uk/js/custom.js"></script>

    
    <meta name="description"
  content="Overview Part 1 looks at some principles and introduces some of the tools in your arsenal.
Part 2 covers the dreaded PostgreSQL bloat issue as well as how TOAST can help performance, or hinder it.
Part 3 (this post) dives deeper into identifying, investigating and mitigating slow queries.
Part 4 covers indexing.
Part 5 covers rewriting queries.
TL;DR Use logging to identify slow queries Use EXPLAIN to examine an explain plan EXPLAIN (ANALYZE) can be dangerous! Use depesz, dalibo or PEV to visualize your explain plan Red flags in your explain plan include filters, Rows Removed, and / or costs in excess of 100,000 Data may not be evenly distributed, check it! Especially test data! Only select the rows and columns you need Identifying slow queries The most reliable way of identifying slow queries is to enable slow query logging using the parameter log_min_duration_statement. The pain threshold varies by environment, but for example if you wanted to log all queries that take longer than 50ms, you would issue the following command in psql:
" />
<meta name="keywords"
  content='blog, google analytics' />
<meta name="robots" content="noodp" />
<link rel="canonical" href="https://spokey.co.uk/post/query-performance-improvement-part-3/" />


<meta name="twitter:card" content="summary" />
<meta name="twitter:title" content="Query Performance Improvement Part 3 - Blog" />
<meta name="twitter:description"
  content="Overview Part 1 looks at some principles and introduces some of the tools in your arsenal.
Part 2 covers the dreaded PostgreSQL bloat issue as well as how TOAST can help performance, or hinder it.
Part 3 (this post) dives deeper into identifying, investigating and mitigating slow queries.
Part 4 covers indexing.
Part 5 covers rewriting queries.
TL;DR Use logging to identify slow queries Use EXPLAIN to examine an explain plan EXPLAIN (ANALYZE) can be dangerous! Use depesz, dalibo or PEV to visualize your explain plan Red flags in your explain plan include filters, Rows Removed, and / or costs in excess of 100,000 Data may not be evenly distributed, check it! Especially test data! Only select the rows and columns you need Identifying slow queries The most reliable way of identifying slow queries is to enable slow query logging using the parameter log_min_duration_statement. The pain threshold varies by environment, but for example if you wanted to log all queries that take longer than 50ms, you would issue the following command in psql:
" />
<meta name="twitter:site" content="https://spokey.co.uk/" />
<meta name="twitter:creator" content="" />
<meta name="twitter:image"
  content="https://spokey.co.uk/">


<meta property="og:type" content="article" />
<meta property="og:title" content="Query Performance Improvement Part 3 - Blog">
<meta property="og:description"
  content="Overview Part 1 looks at some principles and introduces some of the tools in your arsenal.
Part 2 covers the dreaded PostgreSQL bloat issue as well as how TOAST can help performance, or hinder it.
Part 3 (this post) dives deeper into identifying, investigating and mitigating slow queries.
Part 4 covers indexing.
Part 5 covers rewriting queries.
TL;DR Use logging to identify slow queries Use EXPLAIN to examine an explain plan EXPLAIN (ANALYZE) can be dangerous! Use depesz, dalibo or PEV to visualize your explain plan Red flags in your explain plan include filters, Rows Removed, and / or costs in excess of 100,000 Data may not be evenly distributed, check it! Especially test data! Only select the rows and columns you need Identifying slow queries The most reliable way of identifying slow queries is to enable slow query logging using the parameter log_min_duration_statement. The pain threshold varies by environment, but for example if you wanted to log all queries that take longer than 50ms, you would issue the following command in psql:
" />
<meta property="og:url" content="https://spokey.co.uk/post/query-performance-improvement-part-3/" />
<meta property="og:site_name" content="Query Performance Improvement Part 3" />
<meta property="og:image"
  content="https://spokey.co.uk/">
<meta property="og:image:width" content="2048">
<meta property="og:image:height" content="1024">

<meta property="article:published_time" content="2025-04-20 13:55:43 &#43;0100 BST" />











</head>


<body>
  <div style="position: relative">
  <header class="Header js-details-container Details px-3 px-md-4 px-lg-5 flex-wrap flex-md-nowrap open Details--on">
    <div class="Header-item mobile-none" style="margin-top: -4px; margin-bottom: -4px;">
      <a class="Header-link" href="https://spokey.co.uk/">
        <img class="octicon" height="32" width="32" src="/images/fluidicon.png">
      </a>
    </div>
    <div class="Header-item d-md-none">
      <button class="Header-link btn-link js-details-target" type="button"
        onclick="document.querySelector('#header-search').style.display = document.querySelector('#header-search').style.display == 'none'? 'block': 'none'">
        <svg height="24" class="octicon octicon-three-bars" viewBox="0 0 16 16" version="1.1" width="24">
          <path fill-rule="evenodd" d="M1 2.75A.75.75 0 011.75 2h12.5a.75.75 0 110 1.5H1.75A.75.75 0 011 2.75zm0 5A.75.75 0 011.75 7h12.5a.75.75 0 110 1.5H1.75A.75.75 0 011 7.75zM1.75 12a.75.75 0 100 1.5h12.5a.75.75 0 100-1.5H1.75z">
          </path>
        </svg>
      </button>
    </div>
    <div style="display: none;" id="header-search"
      class="Header-item Header-item--full flex-column flex-md-row width-full flex-order-2 flex-md-order-none mr-0 mr-md-3 mt-3 mt-md-0 Details-content--hidden-not-important d-md-flex">
      <div
        class="Header-search header-search flex-auto js-site-search position-relative flex-self-stretch flex-md-self-auto mb-3 mb-md-0 mr-0 mr-md-3 scoped-search site-scoped-search js-jump-to">
        <div class="position-relative">
          
          <form target="_blank" action="https://www.google.com/search" accept-charset="UTF-8" method="get"
            autocomplete="off">
            <label
              class="Header-search-label form-control input-sm header-search-wrapper p-0 js-chromeless-input-container header-search-wrapper-jump-to position-relative d-flex flex-justify-between flex-items-center">
              <input type="text"
                class="Header-search-input form-control input-sm header-search-input jump-to-field js-jump-to-field js-site-search-focus js-site-search-field is-clearable"
                name="q" value="" placeholder="Search" autocomplete="off">
              <input type="hidden" name="q" value="site:https://spokey.co.uk/">
            </label>
          </form>
          
        </div>
      </div>
    </div>

    <div class="Header-item Header-item--full flex-justify-center d-md-none position-relative">
      <a class="Header-link " href="https://spokey.co.uk/">
        <img class="octicon octicon-mark-github v-align-middle" height="32" width="32" src="/images/fluidicon.png">
      </a>
    </div>
    <div class="Header-item" style="margin-right: 0;">
      <a href="javascript:void(0)" class="Header-link no-select" onclick="switchTheme()">
        <svg style="fill: var(--color-profile-color-modes-toggle-moon);" class="no-select" viewBox="0 0 16 16"
          version="1.1" width="16" height="16">
          <path fill-rule="evenodd" clip-rule="evenodd"
            d="M4.52208 7.71754C7.5782 7.71754 10.0557 5.24006 10.0557 2.18394C10.0557 1.93498 10.0392 1.68986 10.0074 1.44961C9.95801 1.07727 10.3495 0.771159 10.6474 0.99992C12.1153 2.12716 13.0615 3.89999 13.0615 5.89383C13.0615 9.29958 10.3006 12.0605 6.89485 12.0605C3.95334 12.0605 1.49286 10.001 0.876728 7.24527C0.794841 6.87902 1.23668 6.65289 1.55321 6.85451C2.41106 7.40095 3.4296 7.71754 4.52208 7.71754Z">
          </path>
        </svg>
      </a>
    </div>
  </header>
</div>

  <div id="search-result" class="container-lg px-3 new-discussion-timeline" style="display: none;">
</div>

  
<div class="application-main">
  <div>
  <main>
    <div class="gisthead pagehead bg-gray-light pb-0 pt-3 mb-4">
      <div class="px-0">
        <div class="mb-3 d-flex px-3 px-md-3 px-lg-5">
          <div class="flex-auto min-width-0 width-fit mr-3">
            <div class="d-flex">
              <div class="d-none d-md-block">
                <a class="avatar mr-2 flex-shrink-0" href="https://spokey.co.uk/">
                  <img class=" avatar-user"
                    src="/images/avatar.png"
                    width="32" height="32"></a>
              </div>
              <div class="d-flex flex-column">
                <h1 class="break-word f3 text-normal mb-md-0 mb-1">
                  <span class="author">
                    <a href="https://spokey.co.uk/">SpokeyWheeler</a>
                  </span>
                  <span class="path-divider">/</span>
                  <strong class="css-truncate css-truncate-target mr-1" style="max-width: 410px">
                    <a href="https://spokey.co.uk/post/query-performance-improvement-part-3/">Query Performance Improvement Part 3</a>
                  </strong>
                </h1>
                <div class="note m-0">
                  Created <relative-time datetime="Sun, 20 Apr 2025 13:55:43 &#43;0100"
                    class="no-wrap">
                    Sun, 20 Apr 2025 13:55:43 &#43;0100</relative-time>

                  
                  <span class="file-info-divider"></span>
                  Modified <relative-time datetime="Thu, 24 Apr 2025 16:14:33 &#43;0100"
                    class="no-wrap">
                    Thu, 24 Apr 2025 16:14:33 &#43;0100</relative-time>
                  
                </div>
              </div>
            </div>
          </div>
        </div>
      </div>
    </div>

    <div class="container-lg px-3 new-discussion-timeline">
      <div class="repository-content gist-content">
        <div>
          <div class="js-gist-file-update-container js-task-list-container file-box">
            <div id="file-pytest" class="file my-2">
              <div id="post-header" class="file-header d-flex flex-md-items-center flex-items-start sticky-header" style="z-index: 2">
                <div class="file-info d-flex flex-md-items-center flex-items-start flex-order-1 flex-auto">
                  <div class="text-mono f6 flex-auto pr-3 flex-order-2 flex-md-order-1 mt-2 mt-md-0">
                    
                    <summary id="toc-toggle" onclick="clickToc()" class="btn btn-octicon m-0 mr-2 p-2">
                      <svg aria-hidden="true" viewBox="0 0 16 16" height="16" width="16" class="octicon octicon-list-unordered">
                        <path fill-rule="evenodd" d="M2 4a1 1 0 100-2 1 1 0 000 2zm3.75-1.5a.75.75 0 000 1.5h8.5a.75.75 0 000-1.5h-8.5zm0 5a.75.75 0 000 1.5h8.5a.75.75 0 000-1.5h-8.5zm0 5a.75.75 0 000 1.5h8.5a.75.75 0 000-1.5h-8.5zM3 8a1 1 0 11-2 0 1 1 0 012 0zm-1 6a1 1 0 100-2 1 1 0 000 2z"></path>
                      </svg>
                    </summary>
                    <details-menu class="SelectMenu" id="toc-details" style="display: none;">
                      <div class="SelectMenu-modal rounded-3 mt-1" style="max-height: 340px;">
                        <div class="SelectMenu-list SelectMenu-list--borderless p-2" style="overscroll-behavior: contain;" id="toc-list">
                        </div>
                      </div>
                    </details-menu>
                      2363 Words
                    

                  </div>
                  <div class="file-actions flex-order-2 pt-0">
                    
                    
                    <a class="muted-link mr-3" href="/tags/postgresql">
                      <svg class="octicon octicon-tag" viewBox="0 0 16 16" version="1.1" width="16" height="16">
                        <path fill-rule="evenodd"
                          d="M2.5 7.775V2.75a.25.25 0 01.25-.25h5.025a.25.25 0 01.177.073l6.25 6.25a.25.25 0 010 .354l-5.025 5.025a.25.25 0 01-.354 0l-6.25-6.25a.25.25 0 01-.073-.177zm-1.5 0V2.75C1 1.784 1.784 1 2.75 1h5.025c.464 0 .91.184 1.238.513l6.25 6.25a1.75 1.75 0 010 2.474l-5.026 5.026a1.75 1.75 0 01-2.474 0l-6.25-6.25A1.75 1.75 0 011 7.775zM6 5a1 1 0 100 2 1 1 0 000-2z">
                        </path>
                      </svg>
                      postgresql
                    </a>
                    
                    <a class="muted-link mr-3" href="/tags/performance">
                      <svg class="octicon octicon-tag" viewBox="0 0 16 16" version="1.1" width="16" height="16">
                        <path fill-rule="evenodd"
                          d="M2.5 7.775V2.75a.25.25 0 01.25-.25h5.025a.25.25 0 01.177.073l6.25 6.25a.25.25 0 010 .354l-5.025 5.025a.25.25 0 01-.354 0l-6.25-6.25a.25.25 0 01-.073-.177zm-1.5 0V2.75C1 1.784 1.784 1 2.75 1h5.025c.464 0 .91.184 1.238.513l6.25 6.25a1.75 1.75 0 010 2.474l-5.026 5.026a1.75 1.75 0 01-2.474 0l-6.25-6.25A1.75 1.75 0 011 7.775zM6 5a1 1 0 100 2 1 1 0 000-2z">
                        </path>
                      </svg>
                      performance
                    </a>
                    
                    
                  </div>
                </div>
              </div>


              <div class="Box-body px-5 pb-5" style="z-index: 1">
                <article class="markdown-body entry-content container-lg"><h1 id="overview">Overview</h1>
<p><a href="/post/query-performance-improvement-part-1">Part 1</a> looks at some principles and introduces some of the tools in your arsenal.</p>
<p><a href="/post/query-performance-improvement-part-2">Part 2</a> covers the dreaded PostgreSQL bloat issue as well as how TOAST can help performance, or hinder it.</p>
<p>Part 3 (this post) dives deeper into identifying, investigating and mitigating slow queries.</p>
<p><a href="/post/query-performance-improvement-part-4">Part 4</a> covers indexing.</p>
<p><a href="/post/query-performance-improvement-part-5">Part 5</a> covers rewriting queries.</p>
<h1 id="tldr">TL;DR</h1>
<ul>
<li>Use logging to identify slow queries</li>
<li>Use <code>EXPLAIN</code> to examine an explain plan</li>
<li><code>EXPLAIN (ANALYZE)</code> can be dangerous!</li>
<li>Use <a href="https://explain.depesz.com">depesz</a>, <a href="https://explain.dalibo.com">dalibo</a> or <a href="https://tatiyants.com/pev/#/plans/new">PEV</a> to visualize your explain plan</li>
<li>Red flags in your explain plan include filters, Rows Removed, and / or costs in excess of 100,000</li>
<li>Data may not be evenly distributed, check it! Especially test data!</li>
<li>Only select the rows and columns you need</li>
</ul>
<h1 id="identifying-slow-queries">Identifying slow queries</h1>
<p>The most reliable way of identifying slow queries is to enable slow query logging using the parameter <a href="https://www.postgresql.org/docs/17/runtime-config-logging.html#GUC-LOG-MIN-DURATION-STATEMENT">log_min_duration_statement</a>. The pain threshold varies by environment, but for example if you wanted to log all queries that take longer than 50ms, you would issue the following command in psql:</p>
<pre tabindex="0"><code>set log_min_duration_statement=50;
</code></pre><p>You can also set this as a configuration parameter.</p>
<p>This results in messages in the PostgreSQL logs like:</p>
<pre tabindex="0"><code>...
2023-03-11 17:20:27.262 UTC [119] LOG:  duration: 54.77 ms  statement: insert into abc values(1);
2023-03-11 17:20:29.281 UTC [119] LOG:  duration: 86.56 ms  statement: insert into abc values(2);
2023-03-11 17:20:34.151 UTC [119] LOG:  duration: 72.63 ms  statement: insert into abc values(3);
2023-03-11 17:20:40.473 UTC [119] LOG:  duration: 336.449 ms  statement: select count(1) from abc;
...
</code></pre><h1 id="explain">EXPLAIN</h1>
<p>The <code>EXPLAIN</code> command is used to show you have PostgreSQL is approaching the query. It has several useful variants which can be used together to give you a comprehensive overview of the query plan in human readable(-ish!) form. Each block of the resulting plan is called a node.</p>
<dl>
<dt><code>ANALYZE</code></dt>
<dd>Execute the query to return actual times</dd>
<dt><code>BUFFERS</code></dt>
<dd>Show buffer usage details (requires ANALYZE)</dd>
<dt><code>COSTS</code></dt>
<dd>Show estimated startup and total cost of each node</dd>
<dt><code>SETTINGS</code></dt>
<dd>Show <em>non-default</em> settings that affect the query plan</dd>
<dt><code>VERBOSE</code></dt>
<dd>Adds useful information to a plan</dd>
<dt><code>FORMAT JSON</code></dt>
<dd>The FORMAT can be TEXT, XML, JSON, or YAML. TEXT is the default and is human-readable. JSON is used by most of the explain plan visualizers we will be discussing shortly.</dd>
</dl>
<p>A first-cut <code>EXPLAIN</code> might be:</p>
<pre tabindex="0"><code>EXPLAIN (COSTS, SETTINGS, VERBOSE) SELECT count(1) FROM abc;
</code></pre><p>If you&rsquo;re certain that executing the statement is not a problem, you might progress to;</p>
<pre tabindex="0"><code>EXPLAIN (ANALYZE, BUFFERS, COSTS, SETTINGS, VERBOSE) SELECT count(1) FROM abc;
</code></pre><p>If you then want to submit the explain plan to a visualization tool, such as pev, you would opt for:</p>
<pre tabindex="0"><code>\a
\t
\pset pager off
EXPLAIN (ANALYZE, BUFFERS, COSTS, SETTINGS, VERBOSE, FORMAT JSON) SELECT count(1) FROM abc;
</code></pre><p>As an example, I&rsquo;ve used pgbench with 100 branches and the following row counts:</p>
<pre tabindex="0"><code>bench=# select count(*) from pgbench_accounts pa join pgbench_history ph on pa.aid = ph.aid where pa.bid != ph.bid;
 count
--------
 442066
(1 row)

bench=# select count(*) from pgbench_accounts pa join pgbench_history ph on pa.aid = ph.aid where pa.bid = ph.bid;
 count
-------
  4390
(1 row)

bench=# select count(*) from pgbench_accounts pa join pgbench_history ph on pa.aid = ph.aid;
 count
--------
 446456
(1 row)
</code></pre><p>A non-ANALYZE explain:</p>
<pre tabindex="0"><code>bench=# explain (costs, settings, verbose) select count(*) from pgbench_accounts pa join pgbench_history ph on pa.aid = ph.aid where pa.bid != ph.bid;
                                                       QUERY PLAN
------------------------------------------------------------------------------------------------------------------------
 Finalize Aggregate  (cost=237837.61..237837.62 rows=1 width=8)
   Output: count(*)
   -&gt;  Gather  (cost=237837.40..237837.61 rows=2 width=8)
         Output: (PARTIAL count(*))
         Workers Planned: 2
         -&gt;  Partial Aggregate  (cost=236837.40..236837.41 rows=1 width=8)
               Output: PARTIAL count(*)
               -&gt;  Parallel Hash Join  (cost=8760.97..236376.99 rows=184162 width=0)
                     Hash Cond: (pa.aid = ph.aid)
                     Join Filter: (pa.bid &lt;&gt; ph.bid)
                     -&gt;  Parallel Seq Scan on public.pgbench_accounts pa  (cost=0.00..210602.60 rows=4172160 width=8)
                           Output: pa.aid, pa.bid, pa.abalance, pa.filler
                     -&gt;  Parallel Hash  (cost=5478.21..5478.21 rows=262621 width=8)
                           Output: ph.aid, ph.bid
                           -&gt;  Parallel Seq Scan on public.pgbench_history ph  (cost=0.00..5478.21 rows=262621 width=8)
                                 Output: ph.aid, ph.bid
(16 rows)

Time: 2.435 ms
</code></pre><p>Now with ANALYZE:</p>
<pre tabindex="0"><code>bench=# explain (analyze, buffers, costs, settings, verbose) select count(*) from pgbench_accounts pa join pgbench_history ph on pa.aid = ph.aid where pa.bid != ph.bid;
                                                                               QUERY PLAN
-------------------------------------------------------------------------------------------------------------------------------------------------------------------------
 Finalize Aggregate  (cost=237837.61..237837.62 rows=1 width=8) (actual time=3942.519..3945.996 rows=1 loops=1)
   Output: count(*)
   Buffers: shared hit=16281 read=155614
   -&gt;  Gather  (cost=237837.40..237837.61 rows=2 width=8) (actual time=3941.358..3945.984 rows=3 loops=1)
         Output: (PARTIAL count(*))
         Workers Planned: 2
         Workers Launched: 2
         Buffers: shared hit=16281 read=155614
         -&gt;  Partial Aggregate  (cost=236837.40..236837.41 rows=1 width=8) (actual time=3903.302..3903.304 rows=1 loops=3)
               Output: PARTIAL count(*)
               Buffers: shared hit=16281 read=155614
               Worker 0:  actual time=3885.386..3885.388 rows=1 loops=1
                 Buffers: shared hit=5390 read=51191
               Worker 1:  actual time=3885.166..3885.168 rows=1 loops=1
                 Buffers: shared hit=5173 read=51557
               -&gt;  Parallel Hash Join  (cost=8760.97..236376.99 rows=184162 width=0) (actual time=70.481..3887.415 rows=147355 loops=3)
                     Hash Cond: (pa.aid = ph.aid)
                     Join Filter: (pa.bid &lt;&gt; ph.bid)
                     Rows Removed by Join Filter: 1463
                     Buffers: shared hit=16281 read=155614
                     Worker 0:  actual time=52.750..3869.815 rows=145237 loops=1
                       Buffers: shared hit=5390 read=51191
                     Worker 1:  actual time=52.601..3869.437 rows=146370 loops=1
                       Buffers: shared hit=5173 read=51557
                     -&gt;  Parallel Seq Scan on public.pgbench_accounts pa  (cost=0.00..210602.60 rows=4172160 width=8) (actual time=0.381..2893.187 rows=3333333 loops=3)
                           Output: pa.aid, pa.bid, pa.abalance, pa.filler
                           Buffers: shared hit=13267 read=155614
                           Worker 0:  actual time=0.595..2869.042 rows=3297948 loops=1
                             Buffers: shared hit=4491 read=51191
                           Worker 1:  actual time=0.539..2867.588 rows=3306082 loops=1
                             Buffers: shared hit=4270 read=51557
                     -&gt;  Parallel Hash  (cost=5478.21..5478.21 rows=262621 width=8) (actual time=68.778..68.778 rows=148819 loops=3)
                           Output: ph.aid, ph.bid
                           Buckets: 524288  Batches: 1  Memory Usage: 21600kB
                           Buffers: shared hit=2852
                           Worker 0:  actual time=51.542..51.542 rows=128065 loops=1
                             Buffers: shared hit=818
                           Worker 1:  actual time=51.456..51.456 rows=128651 loops=1
                             Buffers: shared hit=822
                           -&gt;  Parallel Seq Scan on public.pgbench_history ph  (cost=0.00..5478.21 rows=262621 width=8) (actual time=0.110..31.493 rows=148819 loops=3)
                                 Output: ph.aid, ph.bid
                                 Buffers: shared hit=2852
                                 Worker 0:  actual time=0.143..24.157 rows=128065 loops=1
                                   Buffers: shared hit=818
                                 Worker 1:  actual time=0.142..24.066 rows=128651 loops=1
                                   Buffers: shared hit=822
 Planning:
   Buffers: shared hit=10
 Planning Time: 0.561 ms
 Execution Time: 3946.151 ms
(50 rows)

Time: 3948.617 ms (00:03.949)
</code></pre><h2 id="warning-explain-analyze">WARNING: EXPLAIN (ANALYZE)</h2>
<p>Just to repeat this: <code>EXPLAIN (ANALYZE)</code> <em>will execute the statement</em>, even though it returns no output from the command. So something like:</p>
<pre tabindex="0"><code>EXPLAIN (ANALYZE) DELETE FROM customer WHERE 1=1;
</code></pre><p>might leave you having A Very Bad Day™.</p>
<h2 id="visualize-your-query-plan">Visualize your query plan</h2>
<p>There are any number of tools that can help you visualize the behaviour of your query. Two of the most widely used are <a href="https://explain.depesz.com">explain.depesz.com</a> and <a href="https://explain.dalibo.com">explain.dalibo.com</a>. Please note, however, that both of these record your explain plan by default. I&rsquo;m quite sure neither of them are doing anything nefarious, but your employer may have issues with their SQL and their problems being aired publicly.</p>
<p>I therefore use <a href="https://tatiyants.com/pev/#/plans/new">PEV</a>, which is not as full featured but does the job (and I quite like the UI!)</p>
<p><img src="/images/screenshot-2025-04-20-at-16.12.32.png" alt="Depesz">
&ndash; Depesz</p>
<p><img src="/images/screenshot-2025-04-20-at-16.10.34.png" alt="Dalibo">
&ndash; Dalibo</p>
<p><img src="/images/screenshot-2025-04-20-at-16.09.18.png" alt="PEV">
&ndash; PEV</p>
<h2 id="red-flags">Red flags</h2>
<p>One of the most obvious red flags in a query is a filter:</p>
<pre tabindex="0"><code>bench=# explain (costs, settings, verbose) select count(*) from pgbench_accounts pa join pgbench_history ph on pa.aid = ph.aid where pa.bid != ph.bid and pa.filler is not null;
Finalize Aggregate  (cost=237751.56..237751.57 rows=1 width=8)
  Output: count(*)
  -&gt;  Gather  (cost=237751.35..237751.56 rows=2 width=8)
        Output: (PARTIAL count(*))
        Workers Planned: 2
        -&gt;  Partial Aggregate  (cost=236751.35..236751.36 rows=1 width=8)
              Output: PARTIAL count(*)
              -&gt;  Parallel Hash Join  (cost=8760.97..236290.94 rows=184162 width=0)
                    Hash Cond: (pa.aid = ph.aid)
                    Join Filter: (pa.bid &lt;&gt; ph.bid)  &lt;&lt;&lt;=== This is a filter
                    -&gt;  Parallel Seq Scan on public.pgbench_accounts pa  (cost=0.00..210540.02 rows=4165902 width=8)
                          Output: pa.aid, pa.bid, pa.abalance, pa.filler
                          Filter: (pa.filler IS NOT NULL)  &lt;&lt;&lt;=== This is a filter
                    -&gt;  Parallel Hash  (cost=5478.21..5478.21 rows=262621 width=8)
                          Output: ph.aid, ph.bid
                          -&gt;  Parallel Seq Scan on public.pgbench_history ph  (cost=0.00..5478.21 rows=262621 width=8)
                                Output: ph.aid, ph.bid
Time: 2.402 ms
</code></pre><p>A filter is a strong indicator of a missing index, especially if a nested loop join is chosen by the optimiser..</p>
<p>Another red flag is a &ldquo;large&rdquo; number returned as the cost for a query. Large in this case is a slightly nebulous term, but a &ldquo;fast&rdquo; query will generally have a cost of tens of thousands or less.</p>
<p>Also look out for a large number of <code>Rows Removed by Index Recheck</code> or <code>Rows Removed by Filter</code>.</p>
<h2 id="costs-vs-durations">Costs vs durations</h2>
<p>It&rsquo;s important to note that there is not a consistent, reliable relationship between query cost and duration. I&rsquo;ve had queries that returned costs over a million that ran faster than my example query above that returns costs of around 275,000. In general though, all you can say is that if two queries return the same result set, the one with the lower cost should be the fastest.</p>
<p>You cannot say that the cost is half, so it will take half the time. I&rsquo;ve had queries where the starting costs were over ten million, after tuning the costs dropped to just over one million, but the duration dropped from minutes to sub-second.</p>
<h1 id="data-considerations">Data considerations</h1>
<h2 id="data-distribution">Data distribution</h2>
<p>if your data is not evenly distributed, then data distribution can lead to intermittent performance issues. For example, if you most of your customers are corner shops, but you also have Walmart/ASDA as a customer, then it&rsquo;s quite likely that processing ASDA invoices will be a lot slower than everyone else, just because there&rsquo;s more data. But this could also stem from a query plan being chosen that is good for the average customer, but is not optimal for ASDA.</p>
<p>For example, in pgbench:</p>
<pre tabindex="0"><code>bench=# select bid, count(*) from pgbench_accounts group by bid order by bid;
 bid | count
-----+--------
   1 | 100000
   2 | 100000
   3 | 100000
   4 | 100000
   5 | 100000
   6 | 100000
   7 | 100000
   8 | 100000
   9 | 100000
  10 | 100000
.
.
.
  90 | 100000
  91 | 100000
  92 | 100000
  93 | 100000
  94 | 100000
  95 | 100000
  96 | 100000
  97 | 100000
  98 | 100000
  99 | 100000
 100 | 100000
(100 rows)

bench=# select bid, count(*) from pgbench_history group by bid order by bid;
 bid | count
-----+-------
   1 |  4425
   2 |  4525
   3 |  4403
   4 |  4329
   5 |  4403
   6 |  4375
   7 |  4474
   8 |  4376
   9 |  4606
  10 |  4537
.
.
.
  90 |  4479
  91 |  4607
  92 |  4586
  93 |  4440
  94 |  4437
  95 |  4518
  96 |  4388
  97 |  4601
  98 |  4619
  99 |  4384
 100 |  4366
(100 rows)
</code></pre><p>As you can see, pgbench_accounts is perfectly evenly distributed across bids, and while pgbench_history is less evenly distributed, nothing stands our as wildly out of range.</p>
<h2 id="test-data-vs-real-data">Test data vs real data</h2>
<p>Another thing to watch out for is trying to identify issues or fix issues based on test data. Test data rarely looks like production data, so apart from quality issues, there are also likely to be different data distributions from production.</p>
<h1 id="query-optimisation">Query optimisation</h1>
<h2 id="projection">Projection</h2>
<p>The first step in query optimisation is to ensure that you&rsquo;re only returning the columns that you need. Networking is still one of the slowest parts of getting input from users and output to users. This is especially true in the always-online world of 3G and 4G.</p>
<h3 id="warning-select-">Warning: <code>SELECT *</code></h3>
<p>Never use <code>SELECT *</code> in your application code. Even if you need every column, list them explicitly. The reason for this is that the table structure might change, but you might not have updated your code to reflect this change. This is highly likely to cause your application to crash.</p>
<h2 id="selection">Selection</h2>
<p>The next optimisation is to limit the number of rows returned. Always return as few rows as possible. For example, don&rsquo;t return thousands of transactions to a mobile application, return the data in page sized chunks. Chances are that the user will not make much sense of thousands of transactions anyway!</p>
<h2 id="linking-data-across-tables">Linking data across tables</h2>
<p>Joins are one of the most difficult things for an optimiser to assess correctly. The first thing to note is that optimisation complexity increases exponentially with each additional table. Therefore, join as few tables as possible. After five tables, most bets are off.</p>
<p>The next thing to be aware of is that there are multiple ways of linking tables, which are discussed below. Sometimes, the optimiser will return the exact same plan for two different ways, but it is unlikely that all approaches will return the same plan.</p>
<h3 id="sql-92">SQL-92</h3>
<pre tabindex="0"><code>select count(*)
from pgbench_accounts pa
	join pgbench_history ph on pa.aid = ph.aid
where pa.bid != ph.bid
and pa.filler is not null;

Finalize Aggregate  (cost=237751.56..237751.57 rows=1 width=8)
  Output: count(*)
  -&gt;  Gather  (cost=237751.35..237751.56 rows=2 width=8)
        Output: (PARTIAL count(*))
        Workers Planned: 2
        -&gt;  Partial Aggregate  (cost=236751.35..236751.36 rows=1 width=8)
              Output: PARTIAL count(*)
              -&gt;  Parallel Hash Join  (cost=8760.97..236290.94 rows=184162 width=0)
                    Hash Cond: (pa.aid = ph.aid)
                    Join Filter: (pa.bid &lt;&gt; ph.bid)
                    -&gt;  Parallel Seq Scan on public.pgbench_accounts pa  (cost=0.00..210540.02 rows=4165902 width=8)
                          Output: pa.aid, pa.bid, pa.abalance, pa.filler
                          Filter: (pa.filler IS NOT NULL)
                    -&gt;  Parallel Hash  (cost=5478.21..5478.21 rows=262621 width=8)
                          Output: ph.aid, ph.bid
                          -&gt;  Parallel Seq Scan on public.pgbench_history ph  (cost=0.00..5478.21 rows=262621 width=8)
                                Output: ph.aid, ph.bid
</code></pre><h3 id="subquery">Subquery</h3>
<pre tabindex="0"><code>select count(*)
from pgbench_accounts pa
where pa.aid in (
	select ph.aid
	from pgbench_history ph
	where pa.bid != ph.bid
)
and pa.filler is not null;

Aggregate  (cost=47679947805.51..47679947805.52 rows=1 width=8)
  Output: count(*)
  -&gt;  Seq Scan on public.pgbench_accounts pa  (cost=0.00..47679935307.81 rows=4999083 width=0)
        Output: pa.aid, pa.bid, pa.abalance, pa.filler
        Filter: ((pa.filler IS NOT NULL) AND (SubPlan 1))
        SubPlan 1
          -&gt;  Seq Scan on public.pgbench_history ph  (cost=0.00..8432.70 rows=441991 width=4)
                Output: ph.aid
                Filter: (pa.bid &lt;&gt; ph.bid)
</code></pre><h3 id="sql-89">SQL-89</h3>
<pre tabindex="0"><code>select count(*)
from pgbench_accounts pa, pgbench_history ph
where pa.aid = ph.aid
and pa.bid != ph.bid
and pa.filler is not null;

Finalize Aggregate  (cost=237751.56..237751.57 rows=1 width=8)
  Output: count(*)
  -&gt;  Gather  (cost=237751.35..237751.56 rows=2 width=8)
        Output: (PARTIAL count(*))
        Workers Planned: 2
        -&gt;  Partial Aggregate  (cost=236751.35..236751.36 rows=1 width=8)
              Output: PARTIAL count(*)
              -&gt;  Parallel Hash Join  (cost=8760.97..236290.94 rows=184162 width=0)
                    Hash Cond: (pa.aid = ph.aid)
                    Join Filter: (pa.bid &lt;&gt; ph.bid)
                    -&gt;  Parallel Seq Scan on public.pgbench_accounts pa  (cost=0.00..210540.02 rows=4165902 width=8)
                          Output: pa.aid, pa.bid, pa.abalance, pa.filler
                          Filter: (pa.filler IS NOT NULL)
                    -&gt;  Parallel Hash  (cost=5478.21..5478.21 rows=262621 width=8)
                          Output: ph.aid, ph.bid
                          -&gt;  Parallel Seq Scan on public.pgbench_history ph  (cost=0.00..5478.21 rows=262621 width=8)
                                Output: ph.aid, ph.bid
</code></pre><p>As you can see, SQL-89 and SQL-92 return the exact same query plan, but the subquery plan produces a query plan with a much higher cost. And rightly so, because the query has been running for nearly 48 hours now and is still not finished!</p>
<pre tabindex="0"><code>^CCancel request sent
ERROR:  canceling statement due to user request
Time: 160784555.953 ms (1 d 20:39:44.556)
</code></pre><h1 id="summary">Summary</h1>
<p>In this post we looked at:</p>
<ul>
<li>Identifying slow queries by logging</li>
<li>Using EXPLAIN to examine a query plan</li>
<li>REMEMBER: EXPLAIN (ANALYZE) executes the query, beware!</li>
<li>Visualizing query plans</li>
<li>Red flags in the explain plan</li>
<li>Data considerations</li>
<li>The basics of query optimisation</li>
</ul>
<hr>
<p>Previous: <a href="/post/query-performance-improvement-part-2">Bloat and TOAST</a> | Next: <a href="/post/query-performance-improvement-part-4/">Indexing</a></p>
</article>
              </div>
            </div>
          </div>
        </div>
      </div>
    </div>
  </main>
</div>
<script type="application/javascript" src='https://spokey.co.uk/js/toc.js'></script>
<link rel="stylesheet" href='https://spokey.co.uk/css/toc.css' />

  
<div id="gitalk-container" class="gitalk-container"></div>
<link rel="stylesheet" href='https://spokey.co.uk/css/gitalk.css'>
<script src='https://spokey.co.uk/js/gitalk.min.js'></script>
<script>
  const gitalk = new Gitalk({
    clientID: 'Ov23lidpCMPBPI8PHMW3',
    clientSecret: 'dacda6b06beed9ee031254685b8761bd15c83aac',
    repo: 'SpokeyWheeler.github.io',
    owner: 'SpokeyWheeler',
    admin: ['SpokeyWheeler'],
    id: eval("location.href.match('/(?\u003c=post/)(.*)(?=/)/')[1]"), 
    distractionFreeMode: false 
  });
  (function() {
    gitalk.render('gitalk-container');
  })();
</script>

</div>

  <div class="footer container-xl width-full p-responsive">
  <div
    class="position-relative d-flex flex-row-reverse flex-lg-row flex-wrap flex-lg-nowrap flex-justify-center flex-lg-justify-between flex-sm-items-center pt-6 pb-2 mt-6 f6 text-gray border-top border-gray-light ">
    <a aria-label="Homepage" title="GitHub" class="footer-octicon d-none d-lg-block mr-lg-4" href="https://spokey.co.uk/">
      <svg height="24" class="octicon octicon-mark-github" viewBox="0 0 16 16" version="1.1" width="24">
        <path fill-rule="evenodd"
          d="M8 0C3.58 0 0 3.58 0 8c0 3.54 2.29 6.53 5.47 7.59.4.07.55-.17.55-.38 0-.19-.01-.82-.01-1.49-2.01.37-2.53-.49-2.69-.94-.09-.23-.48-.94-.82-1.13-.28-.15-.68-.52-.01-.53.63-.01 1.08.58 1.23.82.72 1.21 1.87.87 2.33.66.07-.52.28-.87.51-1.07-1.78-.2-3.64-.89-3.64-3.95 0-.87.31-1.59.82-2.15-.08-.2-.36-1.02.08-2.12 0 0 .67-.21 2.2.82.64-.18 1.32-.27 2-.27.68 0 1.36.09 2 .27 1.53-1.04 2.2-.82 2.2-.82.44 1.1.16 1.92.08 2.12.51.56.82 1.27.82 2.15 0 3.07-1.87 3.75-3.65 3.95.29.25.54.73.54 1.48 0 1.07-.01 1.93-.01 2.2 0 .21.15.46.55.38A8.013 8.013 0 0016 8c0-4.42-3.58-8-8-8z">
        </path>
      </svg>
    </a>
    <ul class="list-style-none d-flex flex-wrap col-12 flex-justify-center flex-lg-justify-between mb-2 mb-lg-0">
      
      <li class="mr-3 mr-lg-0">Theme by <a href='https://github.com/MeiK2333/github-style'>github-style</a></li>
      
      <li class="mr-3 mr-lg-0">GitHub and the Invertocat logo are trademarks of <a href="https://github.com/">GitHub, Inc.</a></li>
    </ul>
  </div>
  <div class="d-flex flex-justify-center pb-6">
    <span class="f6 text-gray-light"></span>
  </div>


</div>

</body>

<script type="application/javascript" src="https://spokey.co.uk/js/github-style.js"></script>







</html>